n:\robert\projects\softsynth\dx10tut14\engine\engine\debug\vc142.pdb
n:\robert\projects\softsynth\dx10tut14\engine\engine\debug\vc142.idb
n:\robert\projects\softsynth\dx10tut14\engine\engine\debug\cameraclass.obj
n:\robert\projects\softsynth\dx10tut14\engine\engine\debug\d3dclass.obj
n:\robert\projects\softsynth\dx10tut14\engine\engine\debug\graphicsclass.obj
n:\robert\projects\softsynth\dx10tut14\engine\engine\debug\inputclass.obj
n:\robert\projects\softsynth\dx10tut14\engine\engine\debug\main.obj
n:\robert\projects\softsynth\dx10tut14\engine\engine\debug\soundclass.obj
n:\robert\projects\softsynth\dx10tut14\engine\engine\debug\systemclass.obj
n:\robert\projects\softsynth\dx10tut14\engine\debug\engine.ilk
n:\robert\projects\softsynth\dx10tut14\engine\debug\engine.exe
n:\robert\projects\softsynth\dx10tut14\engine\debug\engine.pdb
d:\github\rosoftsynth\engine\debug\cameraclass.obj
d:\github\rosoftsynth\engine\debug\d3dclass.obj
d:\github\rosoftsynth\engine\debug\graphicsclass.obj
d:\github\rosoftsynth\engine\debug\inputclass.obj
d:\github\rosoftsynth\engine\debug\main.obj
d:\github\rosoftsynth\engine\debug\soundclass.obj
d:\github\rosoftsynth\engine\debug\systemclass.obj
d:\github\rosoftsynth\engine\debug\vc142.idb
d:\github\rosoftsynth\engine\debug\vc142.pdb
d:\github\rosoftsynth\debug\engine.pdb
d:\github\rosoftsynth\debug\engine.exe
d:\github\rosoftsynth\debug\engine.ilk
d:\github\rosoftsynth\engine\debug\engine.tlog\cl.command.1.tlog
d:\github\rosoftsynth\engine\debug\engine.tlog\cl.read.1.tlog
d:\github\rosoftsynth\engine\debug\engine.tlog\cl.write.1.tlog
d:\github\rosoftsynth\engine\debug\engine.tlog\link.command.1.tlog
d:\github\rosoftsynth\engine\debug\engine.tlog\link.read.1.tlog
d:\github\rosoftsynth\engine\debug\engine.tlog\link.write.1.tlog
